2024-10-23 19:57:46,645 - masks - DEBUG - Попытка маскировки номера карты: Maestro 1596837868705199
2024-10-23 19:57:46,645 - masks - INFO - Маскирование номера карты: 1596 83** **** 5199
2024-10-23 19:57:46,650 - masks - DEBUG - Попытка маскировки номера карты: Счет 64686473678894779589
2024-10-23 19:57:46,650 - masks - INFO - Маскирование номера счета: <strong>9589
2024-10-23 19:57:46,826 - masks - DEBUG - Попытка маскировки номера карты: MasterCard 7158300734726758
2024-10-23 19:57:46,827 - masks - INFO - Маскирование номера карты: 7158 30** **** 6758
2024-10-23 19:57:46,830 - masks - DEBUG - Попытка маскировки номера карты: Счет 35383033474447895560
2024-10-23 19:57:46,831 - masks - INFO - Маскирование номера счета: <strong>5560
2024-10-23 19:57:46,841 - masks - DEBUG - Попытка маскировки номера карты: Visa Classic 6831982476737658
2024-10-23 19:57:46,841 - masks - INFO - Маскирование номера карты: 6831 98** **** 7658
2024-10-23 19:57:46,845 - masks - DEBUG - Попытка маскировки номера карты: Visa Platinum 8990922113665229
2024-10-23 19:57:46,846 - masks - INFO - Маскирование номера карты: 8990 92** **** 5229
2024-10-23 19:57:46,849 - masks - DEBUG - Попытка маскировки номера карты: Visa Gold 5999414228426353
2024-10-23 19:57:46,849 - masks - INFO - Маскирование номера карты: 5999 41** **** 6353
2024-10-23 19:57:46,852 - masks - DEBUG - Попытка маскировки номера карты: Счет 73654108430135874305
2024-10-23 19:57:46,852 - masks - INFO - Маскирование номера счета: <strong>4305
2024-10-23 19:57:46,862 - masks - DEBUG - Попытка маскировки номера карты: Maestro 1596837868705199
2024-10-23 19:57:46,863 - masks - INFO - Маскирование номера карты: 1596 83** **** 5199
2024-10-23 19:57:46,865 - masks - DEBUG - Попытка маскировки номера карты: Счет 64686473678894779589
2024-10-23 19:57:46,865 - masks - INFO - Маскирование номера счета: <strong>9589
2024-10-23 19:57:46,885 - masks - DEBUG - Попытка маскировки номера карты: Master Card 7158300734726758
2024-10-23 19:57:46,885 - masks - INFO - Маскирование номера карты: 7158 30** **** 6758
2024-10-23 19:57:46,887 - masks - DEBUG - Попытка маскировки номера карты: Счет 35383033474447895560
2024-10-23 19:57:46,888 - masks - INFO - Маскирование номера счета: <strong>5560
2024-10-23 19:57:46,897 - masks - DEBUG - Попытка маскировки номера карты: Visa Classic 6831982476737658
2024-10-23 19:57:46,897 - masks - INFO - Маскирование номера карты: 6831 98** **** 7658
2024-10-23 19:57:46,899 - masks - DEBUG - Попытка маскировки номера карты: Visa Platinum 8990922113665229
2024-10-23 19:57:46,900 - masks - INFO - Маскирование номера карты: 8990 92** **** 5229
2024-10-23 19:57:46,902 - masks - DEBUG - Попытка маскировки номера карты: Visa Gold 5999414228426353
2024-10-23 19:57:46,903 - masks - INFO - Маскирование номера карты: 5999 41** **** 6353
2024-10-23 19:57:46,905 - masks - DEBUG - Попытка маскировки номера карты: Счет 73654108430135874305
2024-10-23 19:57:46,905 - masks - INFO - Маскирование номера счета: <strong>4305
2024-10-23 19:57:46,917 - masks - INFO - Маскирование номера счета: </strong>4305
2024-10-23 19:57:46,929 - masks - INFO - Маскирование номера счета: </strong>7564
2024-10-23 19:57:46,941 - masks - INFO - Маскирование номера счета: </strong>4716
2024-10-23 19:57:46,951 - masks - INFO - Маскирование номера счета: </strong>8901
2024-10-23 19:57:46,961 - masks - INFO - Маскирование номера счета: </strong>3475
2024-10-23 19:57:46,971 - masks - INFO - Маскирование номера счета: </strong>7384
2024-10-23 19:57:46,982 - masks - INFO - Маскирование номера счета: </strong>1593
2024-10-23 19:57:46,991 - masks - INFO - Маскирование номера счета: </strong>8321
2024-10-23 19:57:47,000 - masks - INFO - Маскирование номера счета: </strong>8765
2024-10-23 19:57:47,012 - masks - INFO - Маскирование номера счета: </strong>7512
2024-10-23 20:00:25,268 - masks - DEBUG - Попытка маскировки номера карты: Maestro 1596837868705199
2024-10-23 20:00:25,269 - masks - INFO - Маскирование номера карты: 1596 83** **** 5199
2024-10-23 20:00:25,271 - masks - DEBUG - Попытка маскировки номера карты: Счет 64686473678894779589
2024-10-23 20:00:25,272 - masks - INFO - Маскирование номера счета: <strong>9589
2024-10-23 20:00:25,354 - masks - DEBUG - Попытка маскировки номера карты: MasterCard 7158300734726758
2024-10-23 20:00:25,354 - masks - INFO - Маскирование номера карты: 7158 30** **** 6758
2024-10-23 20:00:25,356 - masks - DEBUG - Попытка маскировки номера карты: Счет 35383033474447895560
2024-10-23 20:00:25,356 - masks - INFO - Маскирование номера счета: <strong>5560
2024-10-23 20:00:25,364 - masks - DEBUG - Попытка маскировки номера карты: Visa Classic 6831982476737658
2024-10-23 20:00:25,365 - masks - INFO - Маскирование номера карты: 6831 98** **** 7658
2024-10-23 20:00:25,368 - masks - DEBUG - Попытка маскировки номера карты: Visa Platinum 8990922113665229
2024-10-23 20:00:25,368 - masks - INFO - Маскирование номера карты: 8990 92** **** 5229
2024-10-23 20:00:25,370 - masks - DEBUG - Попытка маскировки номера карты: Visa Gold 5999414228426353
2024-10-23 20:00:25,370 - masks - INFO - Маскирование номера карты: 5999 41** **** 6353
2024-10-23 20:00:25,373 - masks - DEBUG - Попытка маскировки номера карты: Счет 73654108430135874305
2024-10-23 20:00:25,373 - masks - INFO - Маскирование номера счета: <strong>4305
2024-10-23 20:00:36,753 - masks - DEBUG - Попытка маскировки номера карты: Maestro 1596837868705199
2024-10-23 20:00:36,754 - masks - INFO - Маскирование номера карты: 1596 83** **** 5199
2024-10-23 20:00:36,757 - masks - DEBUG - Попытка маскировки номера карты: Счет 64686473678894779589
2024-10-23 20:00:36,757 - masks - INFO - Маскирование номера счета: <strong>9589
2024-10-23 20:00:36,842 - masks - DEBUG - Попытка маскировки номера карты: MasterCard 7158300734726758
2024-10-23 20:00:36,842 - masks - INFO - Маскирование номера карты: 7158 30** **** 6758
2024-10-23 20:00:36,846 - masks - DEBUG - Попытка маскировки номера карты: Счет 35383033474447895560
2024-10-23 20:00:36,846 - masks - INFO - Маскирование номера счета: <strong>5560
2024-10-23 20:00:36,853 - masks - DEBUG - Попытка маскировки номера карты: Visa Classic 6831982476737658
2024-10-23 20:00:36,854 - masks - INFO - Маскирование номера карты: 6831 98** **** 7658
2024-10-23 20:00:36,858 - masks - DEBUG - Попытка маскировки номера карты: Visa Platinum 8990922113665229
2024-10-23 20:00:36,858 - masks - INFO - Маскирование номера карты: 8990 92** **** 5229
2024-10-23 20:00:36,861 - masks - DEBUG - Попытка маскировки номера карты: Visa Gold 5999414228426353
2024-10-23 20:00:36,861 - masks - INFO - Маскирование номера карты: 5999 41** **** 6353
2024-10-23 20:00:36,864 - masks - DEBUG - Попытка маскировки номера карты: Счет 73654108430135874305
2024-10-23 20:00:36,864 - masks - INFO - Маскирование номера счета: <strong>4305
2024-10-23 20:01:34,674 - masks - DEBUG - Попытка маскировки номера карты: Maestro 1596837868705199
2024-10-23 20:01:34,674 - masks - INFO - Маскирование номера карты: 1596 83** **** 5199
2024-10-23 20:01:34,678 - masks - DEBUG - Попытка маскировки номера карты: Счет 64686473678894779589
2024-10-23 20:01:34,678 - masks - INFO - Маскирование номера счета: <strong>9589
2024-10-23 20:01:34,762 - masks - DEBUG - Попытка маскировки номера карты: Master Card 7158300734726758
2024-10-23 20:01:34,762 - masks - INFO - Маскирование номера карты: 7158 30** **** 6758
2024-10-23 20:01:34,765 - masks - DEBUG - Попытка маскировки номера карты: Счет 35383033474447895560
2024-10-23 20:01:34,765 - masks - INFO - Маскирование номера счета: <strong>5560
2024-10-23 20:01:34,773 - masks - DEBUG - Попытка маскировки номера карты: Visa Classic 6831982476737658
2024-10-23 20:01:34,773 - masks - INFO - Маскирование номера карты: 6831 98** **** 7658
2024-10-23 20:01:34,776 - masks - DEBUG - Попытка маскировки номера карты: Visa Platinum 8990922113665229
2024-10-23 20:01:34,776 - masks - INFO - Маскирование номера карты: 8990 92** **** 5229
2024-10-23 20:01:34,778 - masks - DEBUG - Попытка маскировки номера карты: Visa Gold 5999414228426353
2024-10-23 20:01:34,778 - masks - INFO - Маскирование номера карты: 5999 41** **** 6353
2024-10-23 20:01:34,780 - masks - DEBUG - Попытка маскировки номера карты: Счет 73654108430135874305
2024-10-23 20:01:34,781 - masks - INFO - Маскирование номера счета: <strong>4305
2024-10-23 20:01:46,671 - masks - INFO - Маскирование номера счета: </strong>4305
2024-10-23 20:01:46,752 - masks - INFO - Маскирование номера счета: </strong>7564
2024-10-23 20:01:46,760 - masks - INFO - Маскирование номера счета: </strong>4716
2024-10-23 20:01:46,767 - masks - INFO - Маскирование номера счета: </strong>8901
2024-10-23 20:01:46,775 - masks - INFO - Маскирование номера счета: </strong>3475
2024-10-23 20:01:46,782 - masks - INFO - Маскирование номера счета: </strong>7384
2024-10-23 20:01:46,789 - masks - INFO - Маскирование номера счета: </strong>1593
2024-10-23 20:01:46,797 - masks - INFO - Маскирование номера счета: </strong>8321
2024-10-23 20:01:46,804 - masks - INFO - Маскирование номера счета: </strong>8765
2024-10-23 20:01:46,812 - masks - INFO - Маскирование номера счета: </strong>7512
2024-10-23 20:16:27,164 - masks - DEBUG - Попытка маскировки номера карты: Maestro 1596837868705199
2024-10-23 20:16:27,165 - masks - INFO - Маскирование номера карты: 1596 83** **** 5199
2024-10-23 20:16:27,168 - masks - DEBUG - Попытка маскировки номера карты: Счет 64686473678894779589
2024-10-23 20:16:27,168 - masks - INFO - Маскирование номера счета: **9589
2024-10-23 20:16:27,171 - masks - DEBUG - Попытка маскировки номера карты: MasterCard 7158300734726758
2024-10-23 20:16:27,171 - masks - INFO - Маскирование номера карты: 7158 30** **** 6758
2024-10-23 20:16:27,174 - masks - DEBUG - Попытка маскировки номера карты: Счет 35383033474447895560
2024-10-23 20:16:27,174 - masks - INFO - Маскирование номера счета: **5560
2024-10-23 20:16:27,177 - masks - DEBUG - Попытка маскировки номера карты: Visa Classic 6831982476737658
2024-10-23 20:16:27,177 - masks - INFO - Маскирование номера карты: 6831 98** **** 7658
2024-10-23 20:16:27,180 - masks - DEBUG - Попытка маскировки номера карты: Visa Platinum 8990922113665229
2024-10-23 20:16:27,181 - masks - INFO - Маскирование номера карты: 8990 92** **** 5229
2024-10-23 20:16:27,184 - masks - DEBUG - Попытка маскировки номера карты: Visa Gold 5999414228426353
2024-10-23 20:16:27,184 - masks - INFO - Маскирование номера карты: 5999 41** **** 6353
2024-10-23 20:16:27,187 - masks - DEBUG - Попытка маскировки номера карты: Счет 73654108430135874305
2024-10-23 20:16:27,187 - masks - INFO - Маскирование номера счета: **4305
2024-10-23 20:16:35,168 - masks - DEBUG - Попытка маскировки номера карты: Maestro 1596837868705199
2024-10-23 20:16:35,169 - masks - INFO - Маскирование номера карты: 1596 83** **** 5199
2024-10-23 20:16:35,172 - masks - DEBUG - Попытка маскировки номера карты: Счет 64686473678894779589
2024-10-23 20:16:35,172 - masks - INFO - Маскирование номера счета: **9589
2024-10-23 20:16:35,175 - masks - DEBUG - Попытка маскировки номера карты: Master Card 7158300734726758
2024-10-23 20:16:35,176 - masks - INFO - Маскирование номера карты: 7158 30** **** 6758
2024-10-23 20:16:35,179 - masks - DEBUG - Попытка маскировки номера карты: Счет 35383033474447895560
2024-10-23 20:16:35,179 - masks - INFO - Маскирование номера счета: **5560
2024-10-23 20:16:35,182 - masks - DEBUG - Попытка маскировки номера карты: Visa Classic 6831982476737658
2024-10-23 20:16:35,182 - masks - INFO - Маскирование номера карты: 6831 98** **** 7658
2024-10-23 20:16:35,184 - masks - DEBUG - Попытка маскировки номера карты: Visa Platinum 8990922113665229
2024-10-23 20:16:35,184 - masks - INFO - Маскирование номера карты: 8990 92** **** 5229
2024-10-23 20:16:35,187 - masks - DEBUG - Попытка маскировки номера карты: Visa Gold 5999414228426353
2024-10-23 20:16:35,187 - masks - INFO - Маскирование номера карты: 5999 41** **** 6353
2024-10-23 20:16:35,191 - masks - DEBUG - Попытка маскировки номера карты: Счет 73654108430135874305
2024-10-23 20:16:35,191 - masks - INFO - Маскирование номера счета: **4305
2024-10-23 20:16:38,600 - masks - INFO - Маскирование номера счета: </strong>4305
2024-10-23 20:16:38,685 - masks - INFO - Маскирование номера счета: </strong>7564
2024-10-23 20:16:38,693 - masks - INFO - Маскирование номера счета: </strong>4716
2024-10-23 20:16:38,700 - masks - INFO - Маскирование номера счета: </strong>8901
2024-10-23 20:16:38,708 - masks - INFO - Маскирование номера счета: </strong>3475
2024-10-23 20:16:38,715 - masks - INFO - Маскирование номера счета: </strong>7384
2024-10-23 20:16:38,722 - masks - INFO - Маскирование номера счета: </strong>1593
2024-10-23 20:16:38,729 - masks - INFO - Маскирование номера счета: </strong>8321
2024-10-23 20:16:38,736 - masks - INFO - Маскирование номера счета: </strong>8765
2024-10-23 20:16:38,745 - masks - INFO - Маскирование номера счета: </strong>7512
2024-10-23 20:20:06,436 - masks - INFO - Маскирование номера счета: ****************4305
2024-10-23 20:20:06,523 - masks - INFO - Маскирование номера счета: ****************7564
2024-10-23 20:20:06,530 - masks - INFO - Маскирование номера счета: ****************4716
2024-10-23 20:20:06,537 - masks - INFO - Маскирование номера счета: ****************8901
2024-10-23 20:20:06,545 - masks - INFO - Маскирование номера счета: ****************3475
2024-10-23 20:20:06,552 - masks - INFO - Маскирование номера счета: ****************7384
2024-10-23 20:20:06,559 - masks - INFO - Маскирование номера счета: ****************1593
2024-10-23 20:20:06,566 - masks - INFO - Маскирование номера счета: ****************8321
2024-10-23 20:20:06,573 - masks - INFO - Маскирование номера счета: ****************8765
2024-10-23 20:20:06,580 - masks - INFO - Маскирование номера счета: ****************7512
2024-10-23 20:21:53,750 - masks - DEBUG - Попытка маскировки номера карты: Maestro 1596837868705199
2024-10-23 20:21:53,750 - masks - INFO - Маскирование номера карты: 1596 83** **** 5199
2024-10-23 20:21:53,753 - masks - DEBUG - Попытка маскировки номера карты: Счет 64686473678894779589
2024-10-23 20:21:53,753 - masks - INFO - Маскирование номера счета: **9589
2024-10-23 20:21:53,755 - masks - DEBUG - Попытка маскировки номера карты: MasterCard 7158300734726758
2024-10-23 20:21:53,756 - masks - INFO - Маскирование номера карты: 7158 30** **** 6758
2024-10-23 20:21:53,758 - masks - DEBUG - Попытка маскировки номера карты: Счет 35383033474447895560
2024-10-23 20:21:53,758 - masks - INFO - Маскирование номера счета: **5560
2024-10-23 20:21:53,761 - masks - DEBUG - Попытка маскировки номера карты: Visa Classic 6831982476737658
2024-10-23 20:21:53,762 - masks - INFO - Маскирование номера карты: 6831 98** **** 7658
2024-10-23 20:21:53,764 - masks - DEBUG - Попытка маскировки номера карты: Visa Platinum 8990922113665229
2024-10-23 20:21:53,764 - masks - INFO - Маскирование номера карты: 8990 92** **** 5229
2024-10-23 20:21:53,769 - masks - DEBUG - Попытка маскировки номера карты: Visa Gold 5999414228426353
2024-10-23 20:21:53,769 - masks - INFO - Маскирование номера карты: 5999 41** **** 6353
2024-10-23 20:21:53,772 - masks - DEBUG - Попытка маскировки номера карты: Счет 73654108430135874305
2024-10-23 20:21:53,772 - masks - INFO - Маскирование номера счета: **4305
2024-10-23 20:22:15,126 - masks - DEBUG - Попытка маскировки номера карты: Maestro 1596837868705199
2024-10-23 20:22:15,127 - masks - INFO - Маскирование номера карты: 1596 83** **** 5199
2024-10-23 20:22:15,130 - masks - DEBUG - Попытка маскировки номера карты: Счет 64686473678894779589
2024-10-23 20:22:15,130 - masks - INFO - Маскирование номера счета: **9589
2024-10-23 20:22:15,133 - masks - DEBUG - Попытка маскировки номера карты: MasterCard 7158300734726758
2024-10-23 20:22:15,133 - masks - INFO - Маскирование номера карты: 7158 30** **** 6758
2024-10-23 20:22:15,136 - masks - DEBUG - Попытка маскировки номера карты: Счет 35383033474447895560
2024-10-23 20:22:15,136 - masks - INFO - Маскирование номера счета: **5560
2024-10-23 20:22:15,139 - masks - DEBUG - Попытка маскировки номера карты: Visa Classic 6831982476737658
2024-10-23 20:22:15,139 - masks - INFO - Маскирование номера карты: 6831 98** **** 7658
2024-10-23 20:22:15,142 - masks - DEBUG - Попытка маскировки номера карты: Visa Platinum 8990922113665229
2024-10-23 20:22:15,142 - masks - INFO - Маскирование номера карты: 8990 92** **** 5229
2024-10-23 20:22:15,145 - masks - DEBUG - Попытка маскировки номера карты: Visa Gold 5999414228426353
2024-10-23 20:22:15,145 - masks - INFO - Маскирование номера карты: 5999 41** **** 6353
2024-10-23 20:22:15,148 - masks - DEBUG - Попытка маскировки номера карты: Счет 73654108430135874305
2024-10-23 20:22:15,148 - masks - INFO - Маскирование номера счета: **4305
2024-10-23 20:22:15,151 - masks - DEBUG - Попытка маскировки номера карты: Maestro 1596837868705199
2024-10-23 20:22:15,151 - masks - INFO - Маскирование номера карты: 1596 83** **** 5199
2024-10-23 20:22:15,154 - masks - DEBUG - Попытка маскировки номера карты: Счет 64686473678894779589
2024-10-23 20:22:15,154 - masks - INFO - Маскирование номера счета: **9589
2024-10-23 20:22:15,157 - masks - DEBUG - Попытка маскировки номера карты: Master Card 7158300734726758
2024-10-23 20:22:15,157 - masks - INFO - Маскирование номера карты: 7158 30** **** 6758
2024-10-23 20:22:15,160 - masks - DEBUG - Попытка маскировки номера карты: Счет 35383033474447895560
2024-10-23 20:22:15,160 - masks - INFO - Маскирование номера счета: **5560
2024-10-23 20:22:15,163 - masks - DEBUG - Попытка маскировки номера карты: Visa Classic 6831982476737658
2024-10-23 20:22:15,163 - masks - INFO - Маскирование номера карты: 6831 98** **** 7658
2024-10-23 20:22:15,166 - masks - DEBUG - Попытка маскировки номера карты: Visa Platinum 8990922113665229
2024-10-23 20:22:15,167 - masks - INFO - Маскирование номера карты: 8990 92** **** 5229
2024-10-23 20:22:15,169 - masks - DEBUG - Попытка маскировки номера карты: Visa Gold 5999414228426353
2024-10-23 20:22:15,169 - masks - INFO - Маскирование номера карты: 5999 41** **** 6353
2024-10-23 20:22:15,172 - masks - DEBUG - Попытка маскировки номера карты: Счет 73654108430135874305
2024-10-23 20:22:15,172 - masks - INFO - Маскирование номера счета: **4305
2024-10-23 20:22:15,175 - masks - INFO - Маскирование номера счета: </strong>4305
2024-10-23 20:22:15,335 - masks - INFO - Маскирование номера счета: </strong>7564
2024-10-23 20:22:15,344 - masks - INFO - Маскирование номера счета: </strong>4716
2024-10-23 20:22:15,353 - masks - INFO - Маскирование номера счета: </strong>8901
2024-10-23 20:22:15,361 - masks - INFO - Маскирование номера счета: </strong>3475
2024-10-23 20:22:15,370 - masks - INFO - Маскирование номера счета: </strong>7384
2024-10-23 20:22:15,378 - masks - INFO - Маскирование номера счета: </strong>1593
2024-10-23 20:22:15,387 - masks - INFO - Маскирование номера счета: </strong>8321
2024-10-23 20:22:15,397 - masks - INFO - Маскирование номера счета: </strong>8765
2024-10-23 20:22:15,406 - masks - INFO - Маскирование номера счета: </strong>7512
2024-10-23 20:23:20,435 - masks - DEBUG - Попытка маскировки номера карты: Maestro 1596837868705199
2024-10-23 20:23:20,435 - masks - INFO - Маскирование номера карты: 1596 83** **** 5199
2024-10-23 20:23:20,438 - masks - DEBUG - Попытка маскировки номера карты: Счет 64686473678894779589
2024-10-23 20:23:20,438 - masks - INFO - Маскирование номера счета: **9589
2024-10-23 20:23:20,440 - masks - DEBUG - Попытка маскировки номера карты: Master Card 7158300734726758
2024-10-23 20:23:20,440 - masks - INFO - Маскирование номера карты: 7158 30** **** 6758
2024-10-23 20:23:20,443 - masks - DEBUG - Попытка маскировки номера карты: Счет 35383033474447895560
2024-10-23 20:23:20,443 - masks - INFO - Маскирование номера счета: **5560
2024-10-23 20:23:20,446 - masks - DEBUG - Попытка маскировки номера карты: Visa Classic 6831982476737658
2024-10-23 20:23:20,447 - masks - INFO - Маскирование номера карты: 6831 98** **** 7658
2024-10-23 20:23:20,449 - masks - DEBUG - Попытка маскировки номера карты: Visa Platinum 8990922113665229
2024-10-23 20:23:20,449 - masks - INFO - Маскирование номера карты: 8990 92** **** 5229
2024-10-23 20:23:20,451 - masks - DEBUG - Попытка маскировки номера карты: Visa Gold 5999414228426353
2024-10-23 20:23:20,452 - masks - INFO - Маскирование номера карты: 5999 41** **** 6353
2024-10-23 20:23:20,454 - masks - DEBUG - Попытка маскировки номера карты: Счет 73654108430135874305
2024-10-23 20:23:20,454 - masks - INFO - Маскирование номера счета: **4305
2024-10-23 20:23:24,118 - masks - INFO - Маскирование номера счета: </strong>4305
2024-10-23 20:23:24,200 - masks - INFO - Маскирование номера счета: </strong>7564
2024-10-23 20:23:24,209 - masks - INFO - Маскирование номера счета: </strong>4716
2024-10-23 20:23:24,217 - masks - INFO - Маскирование номера счета: </strong>8901
2024-10-23 20:23:24,226 - masks - INFO - Маскирование номера счета: </strong>3475
2024-10-23 20:23:24,234 - masks - INFO - Маскирование номера счета: </strong>7384
2024-10-23 20:23:24,243 - masks - INFO - Маскирование номера счета: </strong>1593
2024-10-23 20:23:24,251 - masks - INFO - Маскирование номера счета: </strong>8321
2024-10-23 20:23:24,261 - masks - INFO - Маскирование номера счета: </strong>8765
2024-10-23 20:23:24,268 - masks - INFO - Маскирование номера счета: </strong>7512
2024-10-23 20:26:23,376 - masks - INFO - Маскирование номера счета: ****************4305
2024-10-23 20:26:23,461 - masks - INFO - Маскирование номера счета: ****************7564
2024-10-23 20:26:23,469 - masks - INFO - Маскирование номера счета: ****************4716
2024-10-23 20:26:23,477 - masks - INFO - Маскирование номера счета: ****************8901
2024-10-23 20:26:23,486 - masks - INFO - Маскирование номера счета: ****************3475
2024-10-23 20:26:23,494 - masks - INFO - Маскирование номера счета: ****************7384
2024-10-23 20:26:23,502 - masks - INFO - Маскирование номера счета: ****************1593
2024-10-23 20:26:23,510 - masks - INFO - Маскирование номера счета: ****************8321
2024-10-23 20:26:23,519 - masks - INFO - Маскирование номера счета: ****************8765
2024-10-23 20:26:23,528 - masks - INFO - Маскирование номера счета: ****************7512
2024-10-23 20:27:17,039 - masks - INFO - Маскирование номера счета: ****************4305
2024-10-23 20:29:08,009 - masks - INFO - Маскирование номера счета: **4305
2024-10-23 20:30:04,205 - masks - INFO - Маскирование номера счета: 4305
2024-10-23 20:30:09,848 - masks - INFO - Маскирование номера счета: 4305
2024-10-23 20:30:09,858 - masks - INFO - Маскирование номера счета: 4305
2024-10-23 20:30:09,862 - masks - INFO - Маскирование номера счета: 7564
2024-10-23 20:30:09,865 - masks - INFO - Маскирование номера счета: 4716
2024-10-23 20:30:09,867 - masks - INFO - Маскирование номера счета: 8901
2024-10-23 20:30:09,870 - masks - INFO - Маскирование номера счета: 3475
2024-10-23 20:30:09,872 - masks - INFO - Маскирование номера счета: 7384
2024-10-23 20:30:09,875 - masks - INFO - Маскирование номера счета: 1593
2024-10-23 20:30:09,878 - masks - INFO - Маскирование номера счета: 8321
2024-10-23 20:30:09,880 - masks - INFO - Маскирование номера счета: 8765
2024-10-23 20:30:09,883 - masks - INFO - Маскирование номера счета: 7512
2024-10-23 20:30:27,499 - masks - INFO - Маскирование номера счета: 4305
2024-10-23 20:30:28,503 - masks - DEBUG - Попытка маскировки номера карты: Maestro 1596837868705199
2024-10-23 20:30:28,503 - masks - INFO - Маскирование номера карты: 1596 83** **** 5199
2024-10-23 20:30:28,506 - masks - DEBUG - Попытка маскировки номера карты: Счет 64686473678894779589
2024-10-23 20:30:28,506 - masks - INFO - Маскирование номера счета: **9589
2024-10-23 20:30:28,509 - masks - DEBUG - Попытка маскировки номера карты: MasterCard 7158300734726758
2024-10-23 20:30:28,509 - masks - INFO - Маскирование номера карты: 7158 30** **** 6758
2024-10-23 20:30:28,512 - masks - DEBUG - Попытка маскировки номера карты: Счет 35383033474447895560
2024-10-23 20:30:28,512 - masks - INFO - Маскирование номера счета: **5560
2024-10-23 20:30:28,515 - masks - DEBUG - Попытка маскировки номера карты: Visa Classic 6831982476737658
2024-10-23 20:30:28,515 - masks - INFO - Маскирование номера карты: 6831 98** **** 7658
2024-10-23 20:30:28,518 - masks - DEBUG - Попытка маскировки номера карты: Visa Platinum 8990922113665229
2024-10-23 20:30:28,518 - masks - INFO - Маскирование номера карты: 8990 92** **** 5229
2024-10-23 20:30:28,521 - masks - DEBUG - Попытка маскировки номера карты: Visa Gold 5999414228426353
2024-10-23 20:30:28,521 - masks - INFO - Маскирование номера карты: 5999 41** **** 6353
2024-10-23 20:30:28,525 - masks - DEBUG - Попытка маскировки номера карты: Счет 73654108430135874305
2024-10-23 20:30:28,525 - masks - INFO - Маскирование номера счета: **4305
2024-10-23 20:30:28,528 - masks - DEBUG - Попытка маскировки номера карты: Maestro 1596837868705199
2024-10-23 20:30:28,528 - masks - INFO - Маскирование номера карты: 1596 83** **** 5199
2024-10-23 20:30:28,531 - masks - DEBUG - Попытка маскировки номера карты: Счет 64686473678894779589
2024-10-23 20:30:28,531 - masks - INFO - Маскирование номера счета: **9589
2024-10-23 20:30:28,534 - masks - DEBUG - Попытка маскировки номера карты: Master Card 7158300734726758
2024-10-23 20:30:28,534 - masks - INFO - Маскирование номера карты: 7158 30** **** 6758
2024-10-23 20:30:28,536 - masks - DEBUG - Попытка маскировки номера карты: Счет 35383033474447895560
2024-10-23 20:30:28,537 - masks - INFO - Маскирование номера счета: **5560
2024-10-23 20:30:28,539 - masks - DEBUG - Попытка маскировки номера карты: Visa Classic 6831982476737658
2024-10-23 20:30:28,540 - masks - INFO - Маскирование номера карты: 6831 98** **** 7658
2024-10-23 20:30:28,542 - masks - DEBUG - Попытка маскировки номера карты: Visa Platinum 8990922113665229
2024-10-23 20:30:28,542 - masks - INFO - Маскирование номера карты: 8990 92** **** 5229
2024-10-23 20:30:28,545 - masks - DEBUG - Попытка маскировки номера карты: Visa Gold 5999414228426353
2024-10-23 20:30:28,546 - masks - INFO - Маскирование номера карты: 5999 41** **** 6353
2024-10-23 20:30:28,549 - masks - DEBUG - Попытка маскировки номера карты: Счет 73654108430135874305
2024-10-23 20:30:28,549 - masks - INFO - Маскирование номера счета: **4305
2024-10-23 20:30:28,552 - masks - INFO - Маскирование номера счета: 4305
2024-10-23 20:30:28,555 - masks - INFO - Маскирование номера счета: 7564
2024-10-23 20:30:28,558 - masks - INFO - Маскирование номера счета: 4716
2024-10-23 20:30:28,560 - masks - INFO - Маскирование номера счета: 8901
2024-10-23 20:30:28,563 - masks - INFO - Маскирование номера счета: 3475
2024-10-23 20:30:28,566 - masks - INFO - Маскирование номера счета: 7384
2024-10-23 20:30:28,568 - masks - INFO - Маскирование номера счета: 1593
2024-10-23 20:30:28,571 - masks - INFO - Маскирование номера счета: 8321
2024-10-23 20:30:28,573 - masks - INFO - Маскирование номера счета: 8765
2024-10-23 20:30:28,576 - masks - INFO - Маскирование номера счета: 7512
